============================= test session starts ==============================
platform linux -- Python 3.10.19, pytest-9.0.2, pluggy-1.6.0
rootdir: /workspace/ibkr-trading-system
configfile: pytest.ini
collected 55 items

tests/strategy_portfolio/test_allocation.py ......                       [ 10%]
tests/strategy_portfolio/test_arbitration.py ......                      [ 21%]
tests/strategy_portfolio/test_contracts.py ....                          [ 29%]
tests/strategy_portfolio/test_end_to_end_smoke.py .                      [ 30%]
tests/strategy_portfolio/test_no_trade_contexts.py .                     [ 32%]
tests/strategy_portfolio/test_non_interference.py .                      [ 34%]
tests/strategy_portfolio/test_normaliser_defaults.py ..                  [ 38%]
tests/strategy_portfolio/test_registry.py .....                          [ 47%]
tests/strategy_portfolio/test_ross_adapter.py .....                      [ 56%]
tests/strategies/statistical_intraday_momentum/test_contract_compliance.py . [ 58%]
                                                                         [ 58%]
tests/strategies/statistical_intraday_momentum/test_intraday_end_to_end_smoke.py . [ 60%]
                                                                         [ 60%]
tests/strategies/statistical_intraday_momentum/test_policy_imports.py .  [ 61%]
tests/strategies/statistical_intraday_momentum/test_regime_gates.py ..   [ 65%]
tests/strategies/statistical_intraday_momentum/test_risk_policy.py ..    [ 69%]
tests/strategies/statistical_intraday_momentum/test_safe_defaults.py .   [ 70%]
tests/strategies/statistical_intraday_momentum/test_scoring_determinism.py . [ 72%]
                                                                         [ 72%]
tests/strategies/test_candlestick_foundation.py ...                      [ 78%]
tests/strategies/test_foundation_catalogue.py ...                        [ 83%]
tests/test_ross_strategy_registry.py .                                   [ 85%]
tests/test_strategy_registry_epoch13.py ....                             [ 92%]
tests/smoke/test_imports.py .                                            [ 94%]
tests/smoke/test_orchestrator_cycle.py ..                                [ 98%]
tests/smoke/test_scanner_contract.py .                                   [100%]

============================== 55 passed in 1.03s ==============================
